[2024-11-08T17:28:09.315Z] Searching for address
{
  "address": "0xc98cb209f8f6b777d5624d55a366ec1612844305"
}
[2024-11-08T17:28:09.393Z] DB Query Result
{
  "searchAddress": "0xc98cb209f8f6b777d5624d55a366ec1612844305",
  "found": true,
  "resultAddress": "0xc98cb209f8f6b777d5624d55a366ec1612844305",
  "tokenCount": 4,
  "tokenIdsLength": 4,
  "distributionsLength": 1,
  "campaignStats": {
    "totalAccumulatedTokens": 0,
    "lastProcessedDay": 0
  }
}
[2024-11-08T17:28:09.402Z] Processed holder data
{
  "address": "0xc98cb209f8f6b777d5624d55a366ec1612844305",
  "campaignStats": {
    "totalAccumulatedTokens": 8401,
    "lastProcessedDay": 1
  },
  "tokenCount": 4,
  "distributionsLength": 1,
  "totalAccumulated": 8401
}
