[2024-11-07T16:01:41.567Z] Searching for address
{
  "address": "0xc98cb209f8f6b777d5624d55a366ec1612844305"
}
[2024-11-07T16:01:41.633Z] DB Query Result
{
  "searchAddress": "0xc98cb209f8f6b777d5624d55a366ec1612844305",
  "found": true,
  "resultAddress": "0xc98cb209f8f6b777d5624d55a366ec1612844305",
  "tokenCount": 4,
  "tokenIdsLength": 4,
  "distributionsLength": 2,
  "campaignStats": {
    "totalAccumulatedTokens": 9452,
    "lastProcessedDay": 1
  }
}
[2024-11-07T16:01:41.638Z] Processed holder data
{
  "address": "0xc98cb209f8f6b777d5624d55a366ec1612844305",
  "campaignStats": {
    "totalAccumulatedTokens": 20873,
    "lastProcessedDay": 2
  },
  "tokenCount": 4,
  "distributionsLength": 2,
  "totalAccumulated": 20873
}
